<?xml version="1.0" encoding="UTF-8"?>
<testng-results skipped="0" failed="0" total="1" passed="1">
  <reporter-output>
  </reporter-output>
  <suite name="Default suite" duration-ms="35977" started-at="2019-10-01T08:25:16Z" finished-at="2019-10-01T08:25:52Z">
    <groups>
    </groups>
    <test name="Default test" duration-ms="35977" started-at="2019-10-01T08:25:16Z" finished-at="2019-10-01T08:25:52Z">
      <class name="TestNG.RedTestMail">
        <test-method status="PASS" signature="launch()[pri:0, instance:TestNG.RedTestMail@1593948d]" name="launch" is-config="true" duration-ms="4247" started-at="2019-10-01T13:55:16Z" finished-at="2019-10-01T13:55:20Z">
          <reporter-output>
          </reporter-output>
        </test-method> <!-- launch -->
        <test-method status="PASS" signature="login()[pri:0, instance:TestNG.RedTestMail@1593948d]" name="login" duration-ms="30819" started-at="2019-10-01T13:55:20Z" finished-at="2019-10-01T13:55:51Z">
          <reporter-output>
          </reporter-output>
        </test-method> <!-- login -->
        <test-method status="PASS" signature="close()[pri:0, instance:TestNG.RedTestMail@1593948d]" name="close" is-config="true" duration-ms="898" started-at="2019-10-01T13:55:51Z" finished-at="2019-10-01T13:55:52Z">
          <reporter-output>
          </reporter-output>
        </test-method> <!-- close -->
      </class> <!-- TestNG.RedTestMail -->
    </test> <!-- Default test -->
  </suite> <!-- Default suite -->
</testng-results>
