<?xml version="1.0" encoding="UTF-8"?>
<testng-results skipped="0" failed="0" total="2" passed="2">
  <reporter-output>
  </reporter-output>
  <suite name="TestSuite" duration-ms="10218" started-at="2019-09-18T08:34:10Z" finished-at="2019-09-18T08:34:21Z">
    <groups>
    </groups>
    <test name="Default test" duration-ms="10218" started-at="2019-09-18T08:34:10Z" finished-at="2019-09-18T08:34:21Z">
      <class name="TestNG.VamsiConnectDemo">
        <test-method status="PASS" signature="login()[pri:0, instance:TestNG.VamsiConnectDemo@1b604f19]" name="login" duration-ms="2164" started-at="2019-09-18T14:04:17Z" finished-at="2019-09-18T14:04:19Z">
          <reporter-output>
          </reporter-output>
        </test-method> <!-- login -->
      </class> <!-- TestNG.VamsiConnectDemo -->
      <class name="TestNG.DemoTesrNG">
        <test-method status="PASS" signature="launch()[pri:0, instance:TestNG.DemoTesrNG@7823a2f9]" name="launch" is-config="true" duration-ms="3586" started-at="2019-09-18T14:04:10Z" finished-at="2019-09-18T14:04:14Z">
          <reporter-output>
          </reporter-output>
        </test-method> <!-- launch -->
        <test-method status="PASS" signature="launch()[pri:0, instance:TestNG.VamsiConnectDemo@1b604f19]" name="launch" is-config="true" duration-ms="2889" started-at="2019-09-18T14:04:14Z" finished-at="2019-09-18T14:04:17Z">
          <reporter-output>
          </reporter-output>
        </test-method> <!-- launch -->
        <test-method status="PASS" signature="login()[pri:0, instance:TestNG.DemoTesrNG@7823a2f9]" name="login" duration-ms="2163" started-at="2019-09-18T14:04:17Z" finished-at="2019-09-18T14:04:19Z">
          <reporter-output>
          </reporter-output>
        </test-method> <!-- login -->
        <test-method status="PASS" signature="close()[pri:0, instance:TestNG.DemoTesrNG@7823a2f9]" name="close" is-config="true" duration-ms="769" started-at="2019-09-18T14:04:19Z" finished-at="2019-09-18T14:04:20Z">
          <reporter-output>
          </reporter-output>
        </test-method> <!-- close -->
        <test-method status="PASS" signature="close()[pri:0, instance:TestNG.VamsiConnectDemo@1b604f19]" name="close" is-config="true" duration-ms="791" started-at="2019-09-18T14:04:20Z" finished-at="2019-09-18T14:04:21Z">
          <reporter-output>
          </reporter-output>
        </test-method> <!-- close -->
      </class> <!-- TestNG.DemoTesrNG -->
    </test> <!-- Default test -->
  </suite> <!-- TestSuite -->
</testng-results>
